2018-04-30 10:31:50.042[main] DEBUG c.y.o2o.dao.WechatAuthDao.queryWechatAuthByOpenId-==>  Preparing: SELECT w.wechat_auth_id, w.user_id, w.open_id, w.create_time, p.user_id, p.name, p.gender, p.email, p.profile_img, p.user_type, p.create_time, p.last_edit_time, p.enable_status FROM tb_wechat_auth w LEFT JOIN tb_person_info p ON p.user_id = w.user_id WHERE w.open_id = ? WHERE 
2018-04-30 10:31:50.108[main] DEBUG c.y.o2o.dao.WechatAuthDao.queryWechatAuthByOpenId-==> Parameters: ovLbns-gxJHqC-UTPQKvgEuENl-E(String)
2018-04-30 10:32:33.265[main] DEBUG c.y.o2o.dao.WechatAuthDao.queryWechatAuthByOpenId-==>  Preparing: SELECT w.wechat_auth_id, w.open_id, w.create_time, p.user_id, p.name, p.gender, p.email, p.profile_img, p.user_type, p.create_time, p.last_edit_time, p.enable_status FROM tb_wechat_auth w LEFT JOIN tb_person_info p ON p.user_id = w.user_id WHERE w.open_id = ? WHERE 
2018-04-30 10:32:33.311[main] DEBUG c.y.o2o.dao.WechatAuthDao.queryWechatAuthByOpenId-==> Parameters: ovLbns-gxJHqC-UTPQKvgEuENl-E(String)
2018-04-30 10:33:40.901[main] DEBUG c.y.o2o.dao.WechatAuthDao.queryWechatAuthByOpenId-==>  Preparing: SELECT w.wechat_auth_id, w.open_id, w.create_time, p.user_id, p.name, p.gender, p.email, p.profile_img, p.user_type, p.create_time, p.last_edit_time, p.enable_status FROM tb_wechat_auth w LEFT JOIN tb_person_info p ON p.user_id = w.user_id WHERE w.open_id = ? WHERE 
2018-04-30 10:33:40.924[main] DEBUG c.y.o2o.dao.WechatAuthDao.queryWechatAuthByOpenId-==> Parameters: ovLbns-gxJHqC-UTPQKvgEuENl-E(String)
2018-04-30 10:37:43.508[main] DEBUG c.y.o2o.dao.WechatAuthDao.queryWechatAuthByOpenId-==>  Preparing: SELECT w.wechat_auth_id, w.open_id, w.create_time, p.user_id, p.name, p.gender, p.email, p.profile_img, p.user_type, p.create_time, p.last_edit_time, p.enable_status FROM tb_wechat_auth w LEFT JOIN tb_person_info p ON p.user_id = w.user_id WHERE w.open_id = ? 
2018-04-30 10:37:43.529[main] DEBUG c.y.o2o.dao.WechatAuthDao.queryWechatAuthByOpenId-==> Parameters: ovLbns-gxJHqC-UTPQKvgEuENl-E(String)
2018-04-30 10:43:49.974[main] DEBUG c.y.o2o.dao.WechatAuthDao.queryWechatAuthByOpenId-==>  Preparing: SELECT w.wechat_auth_id, w.open_id, w.create_time, p.user_id, p.name, p.gender, p.email, p.profile_img, p.user_type, p.create_time, p.last_edit_time, p.enable_status FROM tb_wechat_auth w LEFT JOIN tb_person_info p ON p.user_id = w.user_id WHERE w.open_id = ? 
2018-04-30 10:43:49.991[main] DEBUG c.y.o2o.dao.WechatAuthDao.queryWechatAuthByOpenId-==> Parameters: ovLbns-gxJHqC-UTPQKvgEuENl-E(String)
2018-04-30 10:43:50.010[main] DEBUG c.y.o2o.dao.WechatAuthDao.queryWechatAuthByOpenId-<==      Total: 1
2018-04-30 10:49:57.001[main] DEBUG c.yequan.o2o.dao.PersonInfoDao.queryPersonInfoById-==>  Preparing: SELECT user_id, name, gender, email, profile_img, user_type, create_time, last_edit_time, enable_status tb_person_info WHERE w.user_id = ? 
2018-04-30 10:49:57.062[main] DEBUG c.yequan.o2o.dao.PersonInfoDao.queryPersonInfoById-==> Parameters: 8(Long)
2018-04-30 10:50:23.208[main] DEBUG c.yequan.o2o.dao.PersonInfoDao.queryPersonInfoById-==>  Preparing: SELECT user_id, name, gender, email, profile_img, user_type, create_time, last_edit_time, enable_status tb_person_info WHERE user_id = ? 
2018-04-30 10:50:23.228[main] DEBUG c.yequan.o2o.dao.PersonInfoDao.queryPersonInfoById-==> Parameters: 8(Long)
2018-04-30 10:51:13.545[main] DEBUG c.yequan.o2o.dao.PersonInfoDao.queryPersonInfoById-==>  Preparing: SELECT user_id, name, gender, email, profile_img, user_type, create_time, last_edit_time, enable_status FROM tb_person_info WHERE user_id = ? 
2018-04-30 10:51:13.571[main] DEBUG c.yequan.o2o.dao.PersonInfoDao.queryPersonInfoById-==> Parameters: 8(Long)
2018-04-30 10:51:13.589[main] DEBUG c.yequan.o2o.dao.PersonInfoDao.queryPersonInfoById-<==      Total: 1
2018-04-30 15:13:09.716[main] DEBUG com.yequan.o2o.dao.PersonInfoDao.insertPersonInfo-==>  Preparing: INSERT INTO tb_person_info(name,profile_img,email,gender,enable_status,user_type,create_time,last_edit_time) VALUES (?,?,?,?,?,?,?,?) 
2018-04-30 15:13:09.738[main] DEBUG com.yequan.o2o.dao.PersonInfoDao.insertPersonInfo-==> Parameters: yequan(String), null, 673541964@qq.com(String), null, null, null, null, null
2018-04-30 15:13:52.633[main] DEBUG com.yequan.o2o.dao.PersonInfoDao.insertPersonInfo-==>  Preparing: INSERT INTO tb_person_info(name,profile_img,email,gender,enable_status,user_type,create_time,last_edit_time) VALUES (?,?,?,?,?,?,?,?) 
2018-04-30 15:13:52.656[main] DEBUG com.yequan.o2o.dao.PersonInfoDao.insertPersonInfo-==> Parameters: yequan(String), null, 673541964@qq.com(String), null, null, null, null, 1(Integer)
2018-04-30 15:15:43.959[main] DEBUG com.yequan.o2o.dao.PersonInfoDao.insertPersonInfo-==>  Preparing: INSERT INTO tb_person_info(name,profile_img,email,gender,enable_status,user_type,create_time,last_edit_time) VALUES (?,?,?,?,?,?,{createTime},?) 
2018-04-30 15:15:43.982[main] DEBUG com.yequan.o2o.dao.PersonInfoDao.insertPersonInfo-==> Parameters: yequan(String), null, 673541964@qq.com(String), null, 1(Integer), null, 2018-04-30 15:15:43.764(Timestamp)
2018-04-30 15:16:15.002[main] DEBUG com.yequan.o2o.dao.PersonInfoDao.insertPersonInfo-==>  Preparing: INSERT INTO tb_person_info(name,profile_img,email,gender,enable_status,user_type,create_time,last_edit_time) VALUES (?,?,?,?,?,?,?,?) 
2018-04-30 15:16:15.026[main] DEBUG com.yequan.o2o.dao.PersonInfoDao.insertPersonInfo-==> Parameters: yequan(String), null, 673541964@qq.com(String), null, 1(Integer), null, 2018-04-30 15:16:14.793(Timestamp), 2018-04-30 15:16:14.793(Timestamp)
2018-04-30 15:16:46.461[main] DEBUG com.yequan.o2o.dao.PersonInfoDao.insertPersonInfo-==>  Preparing: INSERT INTO tb_person_info(name,profile_img,email,gender,enable_status,user_type,create_time,last_edit_time) VALUES (?,?,?,?,?,?,?,?) 
2018-04-30 15:16:46.489[main] DEBUG com.yequan.o2o.dao.PersonInfoDao.insertPersonInfo-==> Parameters: yequan(String), null, 673541964@qq.com(String), null, 1(Integer), 3(Integer), 2018-04-30 15:16:46.261(Timestamp), 2018-04-30 15:16:46.261(Timestamp)
2018-04-30 15:16:46.494[main] DEBUG com.yequan.o2o.dao.PersonInfoDao.insertPersonInfo-<==    Updates: 1
2018-04-30 15:25:14.151[main] DEBUG com.yequan.o2o.dao.WechatAuthDao.insertWechatAuth-==>  Preparing: INSERT INTO tb_wechat_auth(user_id,open_id,create_time) VALUES (?,?,?) 
2018-04-30 15:26:57.326[main] DEBUG com.yequan.o2o.dao.WechatAuthDao.insertWechatAuth-==>  Preparing: INSERT INTO tb_wechat_auth(user_id,open_id,create_time) VALUES (?,?,?) 
2018-04-30 15:27:39.237[main] DEBUG com.yequan.o2o.dao.WechatAuthDao.insertWechatAuth-==>  Preparing: INSERT INTO tb_wechat_auth(user_id,open_id,create_time) VALUES (?,?,?) 
2018-04-30 15:27:39.264[main] DEBUG com.yequan.o2o.dao.WechatAuthDao.insertWechatAuth-==> Parameters: 9(Long), test(String), 2018-04-30 15:27:39.036(Timestamp)
2018-04-30 15:27:39.270[main] DEBUG com.yequan.o2o.dao.WechatAuthDao.insertWechatAuth-<==    Updates: 1
